<?xml version="1.0" encoding="utf-8" standalone="no"?>
<test-results xmlns:xsi="http://www.w3.org/2001/XMLSchema-instance" xsi:noNamespaceSchemaLocation="nunit_schema_2.5.xsd" name="Pester" total="2" errors="0" failures="0" not-run="0" inconclusive="0" ignored="0" skipped="0" invalid="0" date="2016-09-06" time="16:26:58">
  <environment user="jp004546" machine-name="CL-VMX-65EED144" cwd="C:\github\PSTestVeyor" user-domain="FIRM" platform="Microsoft Windows 10 Enterprise|C:\WINDOWS|\Device\Harddisk0\Partition2" nunit-version="2.5.8.0" os-version="10.0.10586" clr-version="4.0.30319.42000" />
  <culture-info current-culture="en-US" current-uiculture="en-US" />
  <test-suite type="Powershell" name="Pester" executed="True" result="Success" success="True" time="0.2434" asserts="0">
    <results>
      <test-suite type="TestFixture" name="Add-Numbers" executed="True" result="Success" success="True" time="0.2434" asserts="0" description="Add-Numbers">
        <results>
          <test-case description="Check City" name="Add-Numbers.Check City" executed="True" time="0.2016" asserts="0" success="True" result="Success" />
          <test-case description="Check City with Mock" name="Add-Numbers.Check City with Mock" executed="True" time="0.0417" asserts="0" success="True" result="Success" />
        </results>
      </test-suite>
    </results>
  </test-suite>
</test-results>